SUCCESS job="(ask) Author Reports" is_enabled=True
SUCCESS job="(ask) File upload clean-up" is_enabled=True
SUCCESS job="(ask) Image upload clean-up" is_enabled=True
SUCCESS job="(ask) Production wayfinding index" is_enabled=True
DISABLED  job="(ask) Staging wayfinding index" is_enabled=False
DISABLED  job="(ask) TRIAGEP to TRIAGEU REFRESH (Click On Demand)" is_enabled=False
None job="(ask) Update service availability" is_enabled=True
SUCCESS job="(ask,elasticsearch) update elasticsearch index" is_enabled=True
SUCCESS job="(askhub) Restart Queue Status Signage Player - DH" is_enabled=True
SUCCESS job="(askhub) Restart Queue Status Signage Player - HH" is_enabled=True
DISABLED  job="(clearing) Confirm Converse Setup" is_enabled=False
SUCCESS job="(clearing) Download Applications" is_enabled=True
SUCCESS job="(clearing) Download Applications - UAT" is_enabled=True
SUCCESS job="(clearing) Mark training complete - ONLINE_BRIDGING_NETWORKER" is_enabled=True
SUCCESS job="(clearing) Mark training complete - ONLINE_DECISION_MAKER" is_enabled=True
SUCCESS job="(clearing) Mark training complete - ONLINE_NETWORKER" is_enabled=True
DISABLED  job="(clearing) Update User Permissions" is_enabled=False
SUCCESS job="(coursedata,docker) CMM - Copy CMA files to website tables" is_enabled=True
SUCCESS job="(coursedata,docker) CMM - Load humanities courses" is_enabled=True
SUCCESS job="(coursedata,docker) CMM - Update course level attributes" is_enabled=True
SUCCESS job="(coursedata,docker) CMM - Update curriculum" is_enabled=True
None job="(coursedata,quercus,docker) CMM - Add missing courses" is_enabled=True
SUCCESS job="(coursedata,quercus,docker) CMM - Create new Skeleton Records" is_enabled=True
SUCCESS job="(coursedata,quercus,docker) CMM - Delete old Instances" is_enabled=True
SUCCESS job="(coursedata,quercus,docker) CMM - Delete old modules" is_enabled=True
SUCCESS job="(coursedata,quercus,docker) CMM - Import DA standards" is_enabled=True
SUCCESS job="(coursedata,quercus,docker) CMM - Import locations" is_enabled=True
SUCCESS job="(coursedata,quercus,docker) CMM - Load course instance fees" is_enabled=True
SUCCESS job="(coursedata,quercus,docker) CMM - Update Instances from Quercus" is_enabled=True
SUCCESS job="(coursedata,quercus,docker) CMM - Update module descriptions from TUD" is_enabled=True
SUCCESS job="(coursedata,quercus,docker) CMM - Update Online Apps from Quercus" is_enabled=True
SUCCESS job="(coursedata,quercus,docker) CMM - Update UCAS Codes from Quercus" is_enabled=True
DISABLED  job="(customers)  receptiondirectory deleteperson" is_enabled=False
DISABLED  job="(customers)  receptiondirectory populate ldap" is_enabled=False
DISABLED  job="(customers)  receptiondirectory switchboard populate ldap" is_enabled=False
SUCCESS job="(customers,docker) Awards extra tickets techone feed" is_enabled=True
SUCCESS job="(customers,docker) GENERATE BARCODES FOR MEMBERS" is_enabled=True
SUCCESS job="(customers,docker) Occupational Health Appointment Reminders" is_enabled=True
DISABLED  job="(customers,docker) Process BRP Card Collections from Qnomy - Prod" is_enabled=False
SUCCESS job="(customers,docker) Process E-Mail Bounce Notifications" is_enabled=True
SUCCESS job="(customers,docker) Process Login Account Setups" is_enabled=True
SUCCESS job="(customers,elasticsearch,docker) Cleanup - Customer" is_enabled=True
SUCCESS job="(customers,elasticsearch,docker) Import Model - Course Instance" is_enabled=True
SUCCESS job="(customers,elasticsearch,docker) Import Model - Customer" is_enabled=True
SUCCESS job="(customers,elasticsearch,quercus,embargo,docker) LOAD COURSES FOR JOINING INSTRUCTIONS" is_enabled=True
SUCCESS job="(customers,embargo,docker) Process Student Status Letters" is_enabled=True
SUCCESS job="(customers,embargo,quercus,docker) Account Setup - Send emails" is_enabled=True
SUCCESS job="(customers,embargo,quercus,docker) CAP - Send stage 1 to returning students" is_enabled=True
SUCCESS job="(customers,embargo,quercus,docker) Joining Instructions - Delete applicant courses" is_enabled=True
SUCCESS job="(customers,embargo,quercus,docker) Joining Instructions - Load Applicants EMBARGO" is_enabled=True
SUCCESS job="(customers,embargo,quercus,docker) Offer Letters - Notify applicants of updated documents" is_enabled=True
None job="(customers,embargo,quercus,docker) Offer Letters - Process and Send" is_enabled=True
SUCCESS job="(customers,embargo,quercus,docker) Offer Letters - Process and Send - Degree Apprenticeship Offers" is_enabled=True
SUCCESS job="(customers,quercus,embargo,docker) LOAD STUDENTS INTO STATUS TABLE" is_enabled=True
SUCCESS job="(directory) Import changes from IDM" is_enabled=True
SUCCESS job="(directory) Sync user from IDM" is_enabled=True
SUCCESS job="(exodus,docker) Index Solr CMM search" is_enabled=True
FAILURE job="(gates) Sync logs" is_enabled=True
DISABLED  job="(gecko) UAT Sync Applicants" is_enabled=False
SUCCESS job="(go) Sync Short URLs" is_enabled=True
SUCCESS job="(jenkins) Update job monitor list" is_enabled=True
SUCCESS job="(regwizard) Copy Document Links from SharePoint" is_enabled=True
SUCCESS job="(regwizard) Download Gecko Appointments" is_enabled=True
SUCCESS job="(regwizard) Quercus Import" is_enabled=True
SUCCESS job="(regwizard) Send BRP Delivery Notifications" is_enabled=True
SUCCESS job="(tasks,docker) -  Assign Squiz URLs to courses" is_enabled=True
SUCCESS job="(tasks,docker) -  Run KX Updates" is_enabled=True
SUCCESS job="(tasks,docker) - Bank Details Feed" is_enabled=True
SUCCESS job="(tasks,docker) - CMM - Create new fee records" is_enabled=True
SUCCESS job="(tasks,docker) - Copy bank details" is_enabled=True
DISABLED  job="(tasks,docker) - Estates - Run Telephone Directory Leavers" is_enabled=False
SUCCESS job="(tasks,docker) - NCBSC - Cancel pending payments" is_enabled=True
SUCCESS job="(tasks,docker) - NCBSC - Copy Person CRM" is_enabled=True
SUCCESS job="(tasks,docker) - NCBSC - Send Daily Booking E-Mail" is_enabled=True
SUCCESS job="(tasks,docker) - NCBSC - Techone Feed" is_enabled=True
SUCCESS job="(tasks,docker) - NCBSC - Update or Create Student Numbers" is_enabled=True
SUCCESS job="(tasks,docker) - NCBSC Student - Load students into status table" is_enabled=True
SUCCESS job="(tasks,docker) - OTP - Send OTP to NCBSC Students" is_enabled=True
SUCCESS job="(tasks,docker) - SCS - Activate engage instances" is_enabled=True
SUCCESS job="(tasks,docker) - SCS - Assign course uuids to instances" is_enabled=True
SUCCESS job="(tasks,docker) - SCS - Create new courses from Instances" is_enabled=True
SUCCESS job="(tasks,docker) - SCS - Deactivate engage instances" is_enabled=True
SUCCESS job="(tasks,docker) - SCS - Update instances from Engage" is_enabled=True
SUCCESS job="(tasks,docker) Estates - Load Joiners into Telephone Directory" is_enabled=True
SUCCESS job="(tasks,docker) Pre-Paid NCBSC" is_enabled=True
SUCCESS job="(tasks,docker) Self-Paid NCBSC" is_enabled=True
SUCCESS job="(tasks,docker) Squiz Full feed" is_enabled=True
SUCCESS job="(tasks,docker) Squiz Incremental Feed" is_enabled=True
DISABLED  job="(tasks,docker) SQUIZ TELEPHONE DIRECTORY STAFF FEED OUT" is_enabled=False
SUCCESS job="(timetable) Delete past activities" is_enabled=True
SUCCESS job="(timetable) Import Activities" is_enabled=True
SUCCESS job="(toaster) Download User Registration Details" is_enabled=True
SUCCESS job="(track) Mark Appointments with Submitted Results" is_enabled=True
SUCCESS job="(vcl-la-rwa03 - vdh-la-rwa04) Clear Upload Cache" is_enabled=True
SUCCESS job="(vcl-la-rwa03) Get Lab Stats" is_enabled=True
SUCCESS job="(vcl-la-rwa03) Get Location Occupancy" is_enabled=True
SUCCESS job="(vcl-la-rwa03) Get Location Usage" is_enabled=True
SUCCESS job="(vcl-la-rwa03) Get Location Usage Trends" is_enabled=True
SUCCESS job="(vcl-la-rwa03) Import AWS notification logs" is_enabled=True
SUCCESS job="(vcl-la-rwa03) Import notification logs" is_enabled=True
SUCCESS job="(vcl-la-rwa03) Process Library Notifications" is_enabled=True
DISABLED  job="(vcl-lb-exodusdev) -  CMM - Remove online app links after 30 days" is_enabled=False
DISABLED  job="(vcl-lb-exodusrb1)  Send photo upload reminder email" is_enabled=False
DISABLED  job="(vcl-lb-exodusrb1) SEND CONNECT READING EXPERIENCE INVITATION" is_enabled=False
DISABLED  job="(vcl-lb-exodusrb1) UPDATE WAITING COUNTS FROM QNOMY" is_enabled=False
DISABLED  job="(vuh-lb-webdev01) Process BRP Card Collections from Qnomy - staging" is_enabled=False
DISABLED  job="Ethics Form Dev" is_enabled=False
DISABLED  job="Exodus - vcl-lb-exodusdev" is_enabled=False
SUCCESS job="Tom Test Job" is_enabled=True
DISABLED  job="Z (coursedata) CMM - Update modules on website" is_enabled=False
DISABLED  job="Z (coursedata.herts.ac.uk) CMM - Delete old online app links" is_enabled=False
DISABLED  job="Z (customers) Send staff teldir update reminder" is_enabled=False
DISABLED  job="Z (customers,elasticsearch) Import Model - Clearing Local Applicant" is_enabled=False
DISABLED  job="Z (customers,elasticsearch,quercus) Clearing - Index applicants" is_enabled=False
DISABLED  job="Z (customers,embargo) Offer Letters - Mark international offers as sent" is_enabled=False
DISABLED  job="Z (customers,embargo) Offer Letters - Send pending" is_enabled=False
DISABLED  job="Z (customers,embargo,quercus) CAP - Send stage 1 REMINDER to new students" is_enabled=False
DISABLED  job="Z (customers,embargo,quercus) CAP - Send stage 1 REMINDER to returning students" is_enabled=False
DISABLED  job="Z (customers,embargo,quercus) Issue Login Account Reminders for Quercus Students" is_enabled=False
DISABLED  job="Z (customers,embargo,quercus,docker) CAP - Send stage 1 to new students" is_enabled=False
DISABLED  job="Z (customers,embargo,quercus,docker) Joining Instructions - Email applicants" is_enabled=False
DISABLED  job="Z (customers,embargo,quercus,docker) Joining Instructions - Update stage" is_enabled=False
DISABLED  job="Z (customers,quercus) Clearing - Send emails" is_enabled=False
DISABLED  job="Z (customers,quercus,embargo,docker) Send new student registration confirmation" is_enabled=False
DISABLED  job="Z (DONT USE- DEPLOY VIA GITLAB) Coldfusion 10  Apps 2013 vcl-la-cfwa.herts.ac.uk" is_enabled=False
DISABLED  job="Z (DONT USE- DEPLOY VIA GITLAB) Coldfusion 10  Apps 2013 vdh-la-cfwa.herts.ac.uk" is_enabled=False
DISABLED  job="Z (DONT USE- DEPLOY VIA GITLAB) Coldfusion Staging (apps.herts) vdh-la-cfwastaging01" is_enabled=False
DISABLED  job="Z (vcl-la-rwa01) exodusapi dragons den" is_enabled=False
DISABLED  job="Z_(customers,embargo,quercus,docker) Notification of Fees - Send" is_enabled=False
WARNING: Job(s) DISABLED returncode 1
==============
